{"/home/ryzen/projects/rithmschool/src/App.js": {"path":"/home/ryzen/projects/rithmschool/src/App.js","statementMap":{"0":{"start":{"line":1,"column":0},"end":{"line":null,"column":-1}},"1":{"start":{"line":3,"column":0},"end":{"line":null,"column":-1}},"2":{"start":{"line":4,"column":0},"end":{"line":null,"column":-1}},"3":{"start":{"line":4,"column":48},"end":{"line":null,"column":-1}},"4":{"start":{"line":9,"column":4},"end":{"line":9,"column":38}},"5":{"start":{"line":12,"column":4},"end":{"line":22,"column":12}},"6":{"start":{"line":27,"column":15},"end":{"line":27,"column":18}},"7":{"start":{"line":27,"column":18},"end":{"line":null,"column":-1}}},"fnMap":{"0":{"name":"_getRequireWildcardCache","decl":{"start":{"line":4,"column":48},"end":{"line":null,"column":-1}},"loc":{"start":{"line":4,"column":48},"end":{"line":null,"column":-1}}},"1":{"name":"(anonymous_3)","decl":{"start":{"line":8,"column":2},"end":{"line":8,"column":18}},"loc":{"start":{"line":8,"column":22},"end":{"line":10,"column":2}}},"2":{"name":"(anonymous_4)","decl":{"start":{"line":11,"column":2},"end":{"line":11,"column":7}},"loc":{"start":{"line":11,"column":11},"end":{"line":24,"column":2}}}},"branchMap":{"0":{"loc":{"start":{"line":4,"column":48},"end":{"line":null,"column":-1}},"type":"if","locations":[{"start":{"line":4,"column":48},"end":{"line":null,"column":-1}},{"start":{"line":4,"column":48},"end":{"line":null,"column":-1}}]},"1":{"loc":{"start":{"line":4,"column":48},"end":{"line":null,"column":-1}},"type":"binary-expr","locations":[{"start":{"line":4,"column":48},"end":{"line":null,"column":-1}},{"start":{"line":4,"column":48},"end":{"line":null,"column":-1}},{"start":{"line":4,"column":48},"end":{"line":null,"column":-1}}]}},"s":{"0":0,"1":0,"2":0,"3":0,"4":0,"5":0,"6":0,"7":0},"f":{"0":0,"1":0,"2":0},"b":{"0":[0,0],"1":[0,0,0]}}
,"/home/ryzen/projects/rithmschool/src/Circle.js": {"path":"/home/ryzen/projects/rithmschool/src/Circle.js","statementMap":{"0":{"start":{"line":1,"column":0},"end":{"line":null,"column":-1}},"1":{"start":{"line":7,"column":12},"end":{"line":7,"column":21}},"2":{"start":{"line":9,"column":15},"end":{"line":15,"column":1}},"3":{"start":{"line":17,"column":15},"end":{"line":17,"column":21}},"4":{"start":{"line":17,"column":21},"end":{"line":null,"column":-1}}},"fnMap":{},"branchMap":{},"s":{"0":0,"1":0,"2":0,"3":0,"4":0},"f":{},"b":{}}
,"/home/ryzen/projects/rithmschool/src/Pic.js": {"path":"/home/ryzen/projects/rithmschool/src/Pic.js","statementMap":{"0":{"start":{"line":1,"column":0},"end":{"line":null,"column":-1}},"1":{"start":{"line":2,"column":0},"end":{"line":null,"column":-1}},"2":{"start":{"line":3,"column":0},"end":{"line":null,"column":-1}},"3":{"start":{"line":3,"column":39},"end":{"line":null,"column":-1}},"4":{"start":{"line":12,"column":12},"end":{"line":18,"column":1}},"5":{"start":{"line":13,"column":29},"end":{"line":13,"column":57}},"6":{"start":{"line":14,"column":20},"end":{"line":14,"column":31}},"7":{"start":{"line":15,"column":21},"end":{"line":15,"column":32}},"8":{"start":{"line":24,"column":0},"end":{"line":27,"column":1}},"9":{"start":{"line":29,"column":0},"end":{"line":32,"column":1}},"10":{"start":{"line":40,"column":12},"end":{"line":46,"column":1}},"11":{"start":{"line":41,"column":2},"end":{"line":44,"column":10}},"12":{"start":{"line":48,"column":0},"end":{"line":52,"column":1}},"13":{"start":{"line":54,"column":0},"end":{"line":56,"column":1}},"14":{"start":{"line":58,"column":15},"end":{"line":58,"column":18}},"15":{"start":{"line":58,"column":18},"end":{"line":null,"column":-1}}},"fnMap":{"0":{"name":"(anonymous_0)","decl":{"start":{"line":13,"column":19},"end":{"line":13,"column":23}},"loc":{"start":{"line":13,"column":29},"end":{"line":13,"column":57}}},"1":{"name":"(anonymous_1)","decl":{"start":{"line":14,"column":11},"end":{"line":14,"column":15}},"loc":{"start":{"line":14,"column":20},"end":{"line":14,"column":31}}},"2":{"name":"(anonymous_2)","decl":{"start":{"line":15,"column":12},"end":{"line":15,"column":16}},"loc":{"start":{"line":15,"column":21},"end":{"line":15,"column":32}}},"3":{"name":"(anonymous_3)","decl":{"start":{"line":40,"column":12},"end":{"line":40,"column":16}},"loc":{"start":{"line":40,"column":21},"end":{"line":46,"column":1}}}},"branchMap":{"0":{"loc":{"start":{"line":13,"column":43},"end":{"line":13,"column":48}},"type":"cond-expr","locations":[{"start":{"line":13,"column":43},"end":{"line":13,"column":48}},{"start":{"line":13,"column":51},"end":{"line":13,"column":57}}]}},"s":{"0":0,"1":0,"2":0,"3":0,"4":0,"5":0,"6":0,"7":0,"8":0,"9":0,"10":0,"11":0,"12":0,"13":0,"14":0,"15":0},"f":{"0":0,"1":0,"2":0,"3":0},"b":{"0":[0,0]}}
,"/home/ryzen/projects/rithmschool/src/Rectangle.js": {"path":"/home/ryzen/projects/rithmschool/src/Rectangle.js","statementMap":{"0":{"start":{"line":1,"column":0},"end":{"line":null,"column":-1}},"1":{"start":{"line":8,"column":18},"end":{"line":13,"column":1}},"2":{"start":{"line":15,"column":15},"end":{"line":15,"column":24}},"3":{"start":{"line":15,"column":26},"end":{"line":null,"column":-1}}},"fnMap":{},"branchMap":{},"s":{"0":0,"1":0,"2":0,"3":0},"f":{},"b":{}}
,"/home/ryzen/projects/rithmschool/src/SimpleComponent.js": {"path":"/home/ryzen/projects/rithmschool/src/SimpleComponent.js","statementMap":{"0":{"start":{"line":1,"column":0},"end":{"line":null,"column":-1}},"1":{"start":{"line":1,"column":26},"end":{"line":null,"column":-1}},"2":{"start":{"line":3,"column":24},"end":{"line":12,"column":1}},"3":{"start":{"line":4,"column":2},"end":{"line":12,"column":1}},"4":{"start":{"line":14,"column":15},"end":{"line":14,"column":30}},"5":{"start":{"line":14,"column":30},"end":{"line":null,"column":-1}}},"fnMap":{"0":{"name":"(anonymous_0)","decl":{"start":{"line":3,"column":24},"end":{"line":3,"column":25}},"loc":{"start":{"line":4,"column":2},"end":{"line":12,"column":1}}}},"branchMap":{},"s":{"0":0,"1":0,"2":0,"3":0,"4":0,"5":0},"f":{"0":0},"b":{}}
,"/home/ryzen/projects/rithmschool/src/index.js": {"path":"/home/ryzen/projects/rithmschool/src/index.js","statementMap":{"0":{"start":{"line":1,"column":0},"end":{"line":null,"column":-1}},"1":{"start":{"line":2,"column":0},"end":{"line":null,"column":-1}},"2":{"start":{"line":3,"column":0},"end":{"line":null,"column":-1}},"3":{"start":{"line":4,"column":0},"end":{"line":null,"column":-1}},"4":{"start":{"line":5,"column":0},"end":{"line":null,"column":-1}},"5":{"start":{"line":5,"column":48},"end":{"line":null,"column":-1}},"6":{"start":{"line":7,"column":13},"end":{"line":7,"column":65}},"7":{"start":{"line":8,"column":0},"end":{"line":12,"column":1}},"8":{"start":{"line":17,"column":0},"end":{"line":17,"column":17}}},"fnMap":{},"branchMap":{},"s":{"0":0,"1":0,"2":0,"3":0,"4":0,"5":0,"6":0,"7":0,"8":0},"f":{},"b":{}}
,"/home/ryzen/projects/rithmschool/src/reportWebVitals.js": {"path":"/home/ryzen/projects/rithmschool/src/reportWebVitals.js","statementMap":{"0":{"start":{"line":1,"column":24},"end":{"line":11,"column":1}},"1":{"start":{"line":2,"column":2},"end":{"line":10,"column":2}},"2":{"start":{"line":3,"column":4},"end":{"line":9,"column":6}},"3":{"start":{"line":3,"column":4},"end":{"line":3,"column":23}},"4":{"start":{"line":4,"column":6},"end":{"line":4,"column":25}},"5":{"start":{"line":5,"column":6},"end":{"line":5,"column":25}},"6":{"start":{"line":6,"column":6},"end":{"line":6,"column":25}},"7":{"start":{"line":7,"column":6},"end":{"line":7,"column":25}},"8":{"start":{"line":8,"column":6},"end":{"line":8,"column":26}},"9":{"start":{"line":13,"column":15},"end":{"line":13,"column":30}},"10":{"start":{"line":13,"column":30},"end":{"line":null,"column":-1}}},"fnMap":{"0":{"name":"(anonymous_3)","decl":{"start":{"line":1,"column":24},"end":{"line":1,"column":34}},"loc":{"start":{"line":1,"column":39},"end":{"line":11,"column":1}}},"1":{"name":"(anonymous_4)","decl":{"start":{"line":3,"column":4},"end":{"line":3,"column":10}},"loc":{"start":{"line":3,"column":4},"end":{"line":3,"column":23}}},"2":{"name":"(anonymous_5)","decl":{"start":{"line":3,"column":30},"end":{"line":3,"column":31}},"loc":{"start":{"line":3,"column":79},"end":{"line":9,"column":5}}}},"branchMap":{"0":{"loc":{"start":{"line":2,"column":2},"end":{"line":10,"column":2}},"type":"if","locations":[{"start":{"line":2,"column":2},"end":{"line":10,"column":2}},{"start":{"line":2,"column":2},"end":{"line":10,"column":2}}]},"1":{"loc":{"start":{"line":2,"column":6},"end":{"line":2,"column":17}},"type":"binary-expr","locations":[{"start":{"line":2,"column":6},"end":{"line":2,"column":17}},{"start":{"line":2,"column":21},"end":{"line":2,"column":52}}]}},"s":{"0":0,"1":0,"2":0,"3":0,"4":0,"5":0,"6":0,"7":0,"8":0,"9":0,"10":0},"f":{"0":0,"1":0,"2":0},"b":{"0":[0,0],"1":[0,0]}}
,"/home/ryzen/projects/rithmschool/src/setupTests.js": {"path":"/home/ryzen/projects/rithmschool/src/setupTests.js","statementMap":{"0":{"start":{"line":6,"column":0},"end":{"line":null,"column":-1}},"1":{"start":{"line":7,"column":0},"end":{"line":null,"column":-1}},"2":{"start":{"line":9,"column":0},"end":{"line":9,"column":37}},"3":{"start":{"line":9,"column":38},"end":{"line":9,"column":39}}},"fnMap":{},"branchMap":{},"s":{"0":0,"1":0,"2":0,"3":0},"f":{},"b":{}}
}
